nohup: ignoring input
Calling gst_element_factory_make for nvmultiurisrcbin 
!! [WARNING]  "encoder" group not enabled.
Using file: dsserver_config6.yml
Civetweb version: v1.16
0:00:04.059398411 [32m1505431[00m 0x55e5b41f5e20 [36mINFO   [00m [00m             nvinfer gstnvinfer.cpp:682:gst_nvinfer_logger:<primary-nvinference-engine>[00m NvDsInferContext[UID 1]: Info from NvDsInferContextImpl::deserializeEngineAndBackend() <nvdsinfer_context_impl.cpp:2095> [UID = 1]: deserialized trt engine from :/workspace/samples/models/Primary_Detector/resnet18_trafficcamnet.etlt_b20_gpu0_int8.engine
0:00:04.178563022 [32m1505431[00m 0x55e5b41f5e20 [36mINFO   [00m [00m             nvinfer gstnvinfer.cpp:682:gst_nvinfer_logger:<primary-nvinference-engine>[00m NvDsInferContext[UID 1]: Info from NvDsInferContextImpl::generateBackendContext() <nvdsinfer_context_impl.cpp:2198> [UID = 1]: Use deserialized engine model: /workspace/samples/models/Primary_Detector/resnet18_trafficcamnet.etlt_b20_gpu0_int8.engine
0:00:04.183902186 [32m1505431[00m 0x55e5b41f5e20 [36mINFO   [00m [00m             nvinfer gstnvinfer_impl.cpp:343:notifyLoadModelStatus:<primary-nvinference-engine>[00m [UID 1]: Load new model:/workspace/sources/apps/sample_apps/deepstream-server/dsserver_pgie_config.yml sucessfully
Server running at port: 9006
INFO: ../nvdsinfer/nvdsinfer_model_builder.cpp:612 [Implicit Engine Info]: layers num: 3
0   INPUT  kFLOAT input_1         3x544x960       
1   OUTPUT kFLOAT output_bbox/BiasAdd 16x34x60        
2   OUTPUT kFLOAT output_cov/Sigmoid 4x34x60         

Running!!!
WARNING from element src: Could not read from resource.
Warning: Could not read from resource.
WARNING from element src: Could not read from resource.
Warning: Could not read from resource.
WARNING from element src: Could not read from resource.
Warning: Could not read from resource.
WARNING from element src: Could not read from resource.
Warning: Could not read from resource.
WARNING from element src: Could not read from resource.
Warning: Could not read from resource.
WARNING from element src: Could not read from resource.
Warning: Could not read from resource.
WARNING from element src: Could not read from resource.
Warning: Could not read from resource.
WARNING from element src: Could not read from resource.
Warning: Could not read from resource.
WARNING from element src: Could not read from resource.
Warning: Could not read from resource.
WARNING from element src: Could not read from resource.
Warning: Could not read from resource.
WARNING from element src: Could not read from resource.
Warning: Could not read from resource.
WARNING from element src: Could not read from resource.
Warning: Could not read from resource.
WARNING from element src: Could not read from resource.
Warning: Could not read from resource.
WARNING from element src: Could not read from resource.
Warning: Could not read from resource.
WARNING from element src: Could not read from resource.
Warning: Could not read from resource.
WARNING from element src: Could not read from resource.
Warning: Could not read from resource.
WARNING from element src: Could not read from resource.
Warning: Could not read from resource.
WARNING from element src: Could not read from resource.
Warning: Could not read from resource.
WARNING from element src: Could not read from resource.
Warning: Could not read from resource.
WARNING from element src: Could not read from resource.
Warning: Could not read from resource.
nvstreammux: Successfully handled EOS for source_id=18
nvstreammux: Successfully handled EOS for source_id=15
Got EOS from stream 15
nvstreammux: Successfully handled EOS for source_id=17
nvstreammux: Successfully handled EOS for source_id=6
Got EOS from stream 6
Got EOS from stream 17
nvstreammux: Successfully handled EOS for source_id=8
nvstreammux: Successfully handled EOS for source_id=13
nvstreammux: Successfully handled EOS for source_id=12
nvstreammux: Successfully handled EOS for source_id=14
Got EOS from stream 13
Got EOS from stream 8
nvstreammux: Successfully handled EOS for source_id=5
Got EOS from stream 5
Got EOS from stream 14
Got EOS from stream 12
nvstreammux: Successfully handled EOS for source_id=11
Got EOS from stream 11
nvstreammux: Successfully handled EOS for source_id=3
Got EOS from stream 3
nvstreammux: Successfully handled EOS for source_id=4
nvstreammux: Successfully handled EOS for source_id=7
nvstreammux: Successfully handled EOS for source_id=2
nvstreammux: Successfully handled EOS for source_id=10
nvstreammux: Successfully handled EOS for source_id=0
Got EOS from stream 10
nvstreammux: Successfully handled EOS for source_id=16
Got EOS from stream 0
Got EOS from stream 16
nvstreammux: Successfully handled EOS for source_id=19
Got EOS from stream 19
nvstreammux: Successfully handled EOS for source_id=9
Got EOS from stream 9
nvstreammux: Successfully handled EOS for source_id=1
WARNING from element src_bin_muxer: No Sources found at the input of muxer. Waiting for sources.
Warning: No Sources found at the input of muxer. Waiting for sources.
WARNING from element src_bin_muxer: No Sources found at the input of muxer. Waiting for sources.
Warning: No Sources found at the input of muxer. Waiting for sources.
WARNING from element src_bin_muxer: No Sources found at the input of muxer. Waiting for sources.
Warning: No Sources found at the input of muxer. Waiting for sources.
WARNING from element src_bin_muxer: No Sources found at the input of muxer. Waiting for sources.
Warning: No Sources found at the input of muxer. Waiting for sources.
WARNING from element src_bin_muxer: No Sources found at the input of muxer. Waiting for sources.
Warning: No Sources found at the input of muxer. Waiting for sources.
WARNING from element src_bin_muxer: No Sources found at the input of muxer. Waiting for sources.
Warning: No Sources found at the input of muxer. Waiting for sources.
WARNING from element src_bin_muxer: No Sources found at the input of muxer. Waiting for sources.
Warning: No Sources found at the input of muxer. Waiting for sources.
WARNING from element src_bin_muxer: No Sources found at the input of muxer. Waiting for sources.
Warning: No Sources found at the input of muxer. Waiting for sources.
WARNING from element src_bin_muxer: No Sources found at the input of muxer. Waiting for sources.
Warning: No Sources found at the input of muxer. Waiting for sources.
WARNING from element src_bin_muxer: No Sources found at the input of muxer. Waiting for sources.
Warning: No Sources found at the input of muxer. Waiting for sources.
WARNING from element src_bin_muxer: No Sources found at the input of muxer. Waiting for sources.
Warning: No Sources found at the input of muxer. Waiting for sources.
WARNING from element src_bin_muxer: No Sources found at the input of muxer. Waiting for sources.
Warning: No Sources found at the input of muxer. Waiting for sources.
WARNING from element src_bin_muxer: No Sources found at the input of muxer. Waiting for sources.
Warning: No Sources found at the input of muxer. Waiting for sources.
WARNING from element src_bin_muxer: No Sources found at the input of muxer. Waiting for sources.
Warning: No Sources found at the input of muxer. Waiting for sources.
WARNING from element src_bin_muxer: No Sources found at the input of muxer. Waiting for sources.
Warning: No Sources found at the input of muxer. Waiting for sources.
WARNING from element src_bin_muxer: No Sources found at the input of muxer. Waiting for sources.
Warning: No Sources found at the input of muxer. Waiting for sources.
WARNING from element src_bin_muxer: No Sources found at the input of muxer. Waiting for sources.
Warning: No Sources found at the input of muxer. Waiting for sources.
WARNING from element src_bin_muxer: No Sources found at the input of muxer. Waiting for sources.
Warning: No Sources found at the input of muxer. Waiting for sources.
WARNING from element src_bin_muxer: No Sources found at the input of muxer. Waiting for sources.
Warning: No Sources found at the input of muxer. Waiting for sources.
WARNING from element src_bin_muxer: No Sources found at the input of muxer. Waiting for sources.
Warning: No Sources found at the input of muxer. Waiting for sources.
WARNING from element src_bin_muxer: No Sources found at the input of muxer. Waiting for sources.
Warning: No Sources found at the input of muxer. Waiting for sources.
WARNING from element src_bin_muxer: No Sources found at the input of muxer. Waiting for sources.
Warning: No Sources found at the input of muxer. Waiting for sources.
WARNING from element src_bin_muxer: No Sources found at the input of muxer. Waiting for sources.
Warning: No Sources found at the input of muxer. Waiting for sources.
WARNING from element src_bin_muxer: No Sources found at the input of muxer. Waiting for sources.
Warning: No Sources found at the input of muxer. Waiting for sources.
WARNING from element src_bin_muxer: No Sources found at the input of muxer. Waiting for sources.
Warning: No Sources found at the input of muxer. Waiting for sources.
WARNING from element src_bin_muxer: No Sources found at the input of muxer. Waiting for sources.
Warning: No Sources found at the input of muxer. Waiting for sources.
WARNING from element src_bin_muxer: No Sources found at the input of muxer. Waiting for sources.
Warning: No Sources found at the input of muxer. Waiting for sources.
WARNING from element src_bin_muxer: No Sources found at the input of muxer. Waiting for sources.
Warning: No Sources found at the input of muxer. Waiting for sources.
WARNING from element src_bin_muxer: No Sources found at the input of muxer. Waiting for sources.
Warning: No Sources found at the input of muxer. Waiting for sources.
WARNING from element src_bin_muxer: No Sources found at the input of muxer. Waiting for sources.
Warning: No Sources found at the input of muxer. Waiting for sources.
WARNING from element src_bin_muxer: No Sources found at the input of muxer. Waiting for sources.
Warning: No Sources found at the input of muxer. Waiting for sources.
WARNING from element src_bin_muxer: No Sources found at the input of muxer. Waiting for sources.
Warning: No Sources found at the input of muxer. Waiting for sources.
WARNING from element src_bin_muxer: No Sources found at the input of muxer. Waiting for sources.
Warning: No Sources found at the input of muxer. Waiting for sources.
WARNING from element src_bin_muxer: No Sources found at the input of muxer. Waiting for sources.
Warning: No Sources found at the input of muxer. Waiting for sources.
WARNING from element src_bin_muxer: No Sources found at the input of muxer. Waiting for sources.
Warning: No Sources found at the input of muxer. Waiting for sources.
WARNING from element src_bin_muxer: No Sources found at the input of muxer. Waiting for sources.
Warning: No Sources found at the input of muxer. Waiting for sources.
WARNING from element src_bin_muxer: No Sources found at the input of muxer. Waiting for sources.
Warning: No Sources found at the input of muxer. Waiting for sources.
WARNING from element src_bin_muxer: No Sources found at the input of muxer. Waiting for sources.
Warning: No Sources found at the input of muxer. Waiting for sources.
WARNING from element src_bin_muxer: No Sources found at the input of muxer. Waiting for sources.
Warning: No Sources found at the input of muxer. Waiting for sources.
WARNING from element src_bin_muxer: No Sources found at the input of muxer. Waiting for sources.
Warning: No Sources found at the input of muxer. Waiting for sources.
WARNING from element src_bin_muxer: No Sources found at the input of muxer. Waiting for sources.
Warning: No Sources found at the input of muxer. Waiting for sources.
WARNING from element src_bin_muxer: No Sources found at the input of muxer. Waiting for sources.
Warning: No Sources found at the input of muxer. Waiting for sources.
WARNING from element src_bin_muxer: No Sources found at the input of muxer. Waiting for sources.
Warning: No Sources found at the input of muxer. Waiting for sources.
WARNING from element src_bin_muxer: No Sources found at the input of muxer. Waiting for sources.
Warning: No Sources found at the input of muxer. Waiting for sources.
WARNING from element src_bin_muxer: No Sources found at the input of muxer. Waiting for sources.
Warning: No Sources found at the input of muxer. Waiting for sources.
WARNING from element src_bin_muxer: No Sources found at the input of muxer. Waiting for sources.
Warning: No Sources found at the input of muxer. Waiting for sources.
WARNING from element src_bin_muxer: No Sources found at the input of muxer. Waiting for sources.
Warning: No Sources found at the input of muxer. Waiting for sources.
WARNING from element src_bin_muxer: No Sources found at the input of muxer. Waiting for sources.
Warning: No Sources found at the input of muxer. Waiting for sources.
WARNING from element src_bin_muxer: No Sources found at the input of muxer. Waiting for sources.
Warning: No Sources found at the input of muxer. Waiting for sources.
WARNING from element src_bin_muxer: No Sources found at the input of muxer. Waiting for sources.
Warning: No Sources found at the input of muxer. Waiting for sources.
WARNING from element src_bin_muxer: No Sources found at the input of muxer. Waiting for sources.
Warning: No Sources found at the input of muxer. Waiting for sources.
WARNING from element src_bin_muxer: No Sources found at the input of muxer. Waiting for sources.
Warning: No Sources found at the input of muxer. Waiting for sources.
WARNING from element src_bin_muxer: No Sources found at the input of muxer. Waiting for sources.
Warning: No Sources found at the input of muxer. Waiting for sources.
WARNING from element src_bin_muxer: No Sources found at the input of muxer. Waiting for sources.
Warning: No Sources found at the input of muxer. Waiting for sources.
WARNING from element src_bin_muxer: No Sources found at the input of muxer. Waiting for sources.
Warning: No Sources found at the input of muxer. Waiting for sources.
WARNING from element src_bin_muxer: No Sources found at the input of muxer. Waiting for sources.
Warning: No Sources found at the input of muxer. Waiting for sources.
WARNING from element src_bin_muxer: No Sources found at the input of muxer. Waiting for sources.
Warning: No Sources found at the input of muxer. Waiting for sources.
WARNING from element src_bin_muxer: No Sources found at the input of muxer. Waiting for sources.
Warning: No Sources found at the input of muxer. Waiting for sources.
WARNING from element src_bin_muxer: No Sources found at the input of muxer. Waiting for sources.
Warning: No Sources found at the input of muxer. Waiting for sources.
WARNING from element src_bin_muxer: No Sources found at the input of muxer. Waiting for sources.
Warning: No Sources found at the input of muxer. Waiting for sources.
WARNING from element src_bin_muxer: No Sources found at the input of muxer. Waiting for sources.
Warning: No Sources found at the input of muxer. Waiting for sources.
WARNING from element src_bin_muxer: No Sources found at the input of muxer. Waiting for sources.
Warning: No Sources found at the input of muxer. Waiting for sources.
WARNING from element src_bin_muxer: No Sources found at the input of muxer. Waiting for sources.
Warning: No Sources found at the input of muxer. Waiting for sources.
WARNING from element src_bin_muxer: No Sources found at the input of muxer. Waiting for sources.
Warning: No Sources found at the input of muxer. Waiting for sources.
WARNING from element src_bin_muxer: No Sources found at the input of muxer. Waiting for sources.
Warning: No Sources found at the input of muxer. Waiting for sources.
WARNING from element src_bin_muxer: No Sources found at the input of muxer. Waiting for sources.
Warning: No Sources found at the input of muxer. Waiting for sources.
WARNING from element src_bin_muxer: No Sources found at the input of muxer. Waiting for sources.
Warning: No Sources found at the input of muxer. Waiting for sources.
WARNING from element src_bin_muxer: No Sources found at the input of muxer. Waiting for sources.
Warning: No Sources found at the input of muxer. Waiting for sources.
WARNING from element src_bin_muxer: No Sources found at the input of muxer. Waiting for sources.
Warning: No Sources found at the input of muxer. Waiting for sources.
WARNING from element src_bin_muxer: No Sources found at the input of muxer. Waiting for sources.
Warning: No Sources found at the input of muxer. Waiting for sources.
WARNING from element src_bin_muxer: No Sources found at the input of muxer. Waiting for sources.
Warning: No Sources found at the input of muxer. Waiting for sources.
WARNING from element src_bin_muxer: No Sources found at the input of muxer. Waiting for sources.
Warning: No Sources found at the input of muxer. Waiting for sources.
WARNING from element src_bin_muxer: No Sources found at the input of muxer. Waiting for sources.
Warning: No Sources found at the input of muxer. Waiting for sources.
FPS_0 (0.00)	FPS_1 (0.00)	FPS_2 (0.00)	FPS_3 (0.00)	FPS_4 (0.00)	FPS_5 (0.00)	FPS_6 (0.00)	FPS_7 (0.00)	FPS_8 (0.00)	FPS_9 (0.00)	FPS_10 (0.00)	FPS_11 (0.00)	FPS_12 (0.00)	FPS_13 (0.00)	FPS_14 (0.00)	FPS_15 (0.00)	FPS_16 (0.00)	FPS_17 (0.00)	FPS_18 (0.00)	FPS_19 (0.00)	
WARNING from element src_bin_muxer: No Sources found at the input of muxer. Waiting for sources.
Warning: No Sources found at the input of muxer. Waiting for sources.
WARNING from element src_bin_muxer: No Sources found at the input of muxer. Waiting for sources.
Warning: No Sources found at the input of muxer. Waiting for sources.
WARNING from element src_bin_muxer: No Sources found at the input of muxer. Waiting for sources.
Warning: No Sources found at the input of muxer. Waiting for sources.
WARNING from element src_bin_muxer: No Sources found at the input of muxer. Waiting for sources.
Warning: No Sources found at the input of muxer. Waiting for sources.
WARNING from element src_bin_muxer: No Sources found at the input of muxer. Waiting for sources.
Warning: No Sources found at the input of muxer. Waiting for sources.
WARNING from element src_bin_muxer: No Sources found at the input of muxer. Waiting for sources.
Warning: No Sources found at the input of muxer. Waiting for sources.
WARNING from element src_bin_muxer: No Sources found at the input of muxer. Waiting for sources.
Warning: No Sources found at the input of muxer. Waiting for sources.
WARNING from element src_bin_muxer: No Sources found at the input of muxer. Waiting for sources.
Warning: No Sources found at the input of muxer. Waiting for sources.
WARNING from element src_bin_muxer: No Sources found at the input of muxer. Waiting for sources.
Warning: No Sources found at the input of muxer. Waiting for sources.
WARNING from element src_bin_muxer: No Sources found at the input of muxer. Waiting for sources.
Warning: No Sources found at the input of muxer. Waiting for sources.
WARNING from element src_bin_muxer: No Sources found at the input of muxer. Waiting for sources.
Warning: No Sources found at the input of muxer. Waiting for sources.
WARNING from element src_bin_muxer: No Sources found at the input of muxer. Waiting for sources.
Warning: No Sources found at the input of muxer. Waiting for sources.
WARNING from element src_bin_muxer: No Sources found at the input of muxer. Waiting for sources.
Warning: No Sources found at the input of muxer. Waiting for sources.
WARNING from element src_bin_muxer: No Sources found at the input of muxer. Waiting for sources.
Warning: No Sources found at the input of muxer. Waiting for sources.
WARNING from element src_bin_muxer: No Sources found at the input of muxer. Waiting for sources.
Warning: No Sources found at the input of muxer. Waiting for sources.
WARNING from element src_bin_muxer: No Sources found at the input of muxer. Waiting for sources.
Warning: No Sources found at the input of muxer. Waiting for sources.
WARNING from element src_bin_muxer: No Sources found at the input of muxer. Waiting for sources.
Warning: No Sources found at the input of muxer. Waiting for sources.
WARNING from element src_bin_muxer: No Sources found at the input of muxer. Waiting for sources.
Warning: No Sources found at the input of muxer. Waiting for sources.
WARNING from element src_bin_muxer: No Sources found at the input of muxer. Waiting for sources.
Warning: No Sources found at the input of muxer. Waiting for sources.
WARNING from element src_bin_muxer: No Sources found at the input of muxer. Waiting for sources.
Warning: No Sources found at the input of muxer. Waiting for sources.
WARNING from element src_bin_muxer: No Sources found at the input of muxer. Waiting for sources.
Warning: No Sources found at the input of muxer. Waiting for sources.
WARNING from element src_bin_muxer: No Sources found at the input of muxer. Waiting for sources.
Warning: No Sources found at the input of muxer. Waiting for sources.
WARNING from element src_bin_muxer: No Sources found at the input of muxer. Waiting for sources.
Warning: No Sources found at the input of muxer. Waiting for sources.
WARNING from element src_bin_muxer: No Sources found at the input of muxer. Waiting for sources.
Warning: No Sources found at the input of muxer. Waiting for sources.
WARNING from element src_bin_muxer: No Sources found at the input of muxer. Waiting for sources.
Warning: No Sources found at the input of muxer. Waiting for sources.
WARNING from element src_bin_muxer: No Sources found at the input of muxer. Waiting for sources.
Warning: No Sources found at the input of muxer. Waiting for sources.
WARNING from element src_bin_muxer: No Sources found at the input of muxer. Waiting for sources.
Warning: No Sources found at the input of muxer. Waiting for sources.
WARNING from element src_bin_muxer: No Sources found at the input of muxer. Waiting for sources.
Warning: No Sources found at the input of muxer. Waiting for sources.
WARNING from element src_bin_muxer: No Sources found at the input of muxer. Waiting for sources.
Warning: No Sources found at the input of muxer. Waiting for sources.
WARNING from element src_bin_muxer: No Sources found at the input of muxer. Waiting for sources.
Warning: No Sources found at the input of muxer. Waiting for sources.
WARNING from element src_bin_muxer: No Sources found at the input of muxer. Waiting for sources.
Warning: No Sources found at the input of muxer. Waiting for sources.
WARNING from element src_bin_muxer: No Sources found at the input of muxer. Waiting for sources.
Warning: No Sources found at the input of muxer. Waiting for sources.
WARNING from element src_bin_muxer: No Sources found at the input of muxer. Waiting for sources.
Warning: No Sources found at the input of muxer. Waiting for sources.
WARNING from element src_bin_muxer: No Sources found at the input of muxer. Waiting for sources.
Warning: No Sources found at the input of muxer. Waiting for sources.
WARNING from element src_bin_muxer: No Sources found at the input of muxer. Waiting for sources.
Warning: No Sources found at the input of muxer. Waiting for sources.
WARNING from element src_bin_muxer: No Sources found at the input of muxer. Waiting for sources.
Warning: No Sources found at the input of muxer. Waiting for sources.
WARNING from element src_bin_muxer: No Sources found at the input of muxer. Waiting for sources.
Warning: No Sources found at the input of muxer. Waiting for sources.
WARNING from element src_bin_muxer: No Sources found at the input of muxer. Waiting for sources.
Warning: No Sources found at the input of muxer. Waiting for sources.
WARNING from element src_bin_muxer: No Sources found at the input of muxer. Waiting for sources.
Warning: No Sources found at the input of muxer. Waiting for sources.
WARNING from element src_bin_muxer: No Sources found at the input of muxer. Waiting for sources.
Warning: No Sources found at the input of muxer. Waiting for sources.
WARNING from element src_bin_muxer: No Sources found at the input of muxer. Waiting for sources.
Warning: No Sources found at the input of muxer. Waiting for sources.
WARNING from element src_bin_muxer: No Sources found at the input of muxer. Waiting for sources.
Warning: No Sources found at the input of muxer. Waiting for sources.
WARNING from element src_bin_muxer: No Sources found at the input of muxer. Waiting for sources.
Warning: No Sources found at the input of muxer. Waiting for sources.
WARNING from element src_bin_muxer: No Sources found at the input of muxer. Waiting for sources.
Warning: No Sources found at the input of muxer. Waiting for sources.
WARNING from element src_bin_muxer: No Sources found at the input of muxer. Waiting for sources.
Warning: No Sources found at the input of muxer. Waiting for sources.
WARNING from element src_bin_muxer: No Sources found at the input of muxer. Waiting for sources.
Warning: No Sources found at the input of muxer. Waiting for sources.
WARNING from element src_bin_muxer: No Sources found at the input of muxer. Waiting for sources.
Warning: No Sources found at the input of muxer. Waiting for sources.
WARNING from element src_bin_muxer: No Sources found at the input of muxer. Waiting for sources.
Warning: No Sources found at the input of muxer. Waiting for sources.
WARNING from element src_bin_muxer: No Sources found at the input of muxer. Waiting for sources.
Warning: No Sources found at the input of muxer. Waiting for sources.
WARNING from element src_bin_muxer: No Sources found at the input of muxer. Waiting for sources.
Warning: No Sources found at the input of muxer. Waiting for sources.
WARNING from element src_bin_muxer: No Sources found at the input of muxer. Waiting for sources.
Warning: No Sources found at the input of muxer. Waiting for sources.
WARNING from element src_bin_muxer: No Sources found at the input of muxer. Waiting for sources.
Warning: No Sources found at the input of muxer. Waiting for sources.
WARNING from element src_bin_muxer: No Sources found at the input of muxer. Waiting for sources.
Warning: No Sources found at the input of muxer. Waiting for sources.
WARNING from element src_bin_muxer: No Sources found at the input of muxer. Waiting for sources.
Warning: No Sources found at the input of muxer. Waiting for sources.
WARNING from element src_bin_muxer: No Sources found at the input of muxer. Waiting for sources.
Warning: No Sources found at the input of muxer. Waiting for sources.
WARNING from element src_bin_muxer: No Sources found at the input of muxer. Waiting for sources.
Warning: No Sources found at the input of muxer. Waiting for sources.
WARNING from element src_bin_muxer: No Sources found at the input of muxer. Waiting for sources.
Warning: No Sources found at the input of muxer. Waiting for sources.
WARNING from element src_bin_muxer: No Sources found at the input of muxer. Waiting for sources.
Warning: No Sources found at the input of muxer. Waiting for sources.
WARNING from element src_bin_muxer: No Sources found at the input of muxer. Waiting for sources.
Warning: No Sources found at the input of muxer. Waiting for sources.
WARNING from element src_bin_muxer: No Sources found at the input of muxer. Waiting for sources.
Warning: No Sources found at the input of muxer. Waiting for sources.
WARNING from element src_bin_muxer: No Sources found at the input of muxer. Waiting for sources.
Warning: No Sources found at the input of muxer. Waiting for sources.
WARNING from element src_bin_muxer: No Sources found at the input of muxer. Waiting for sources.
Warning: No Sources found at the input of muxer. Waiting for sources.
