nohup: ignoring input
Calling gst_element_factory_make for nvmultiurisrcbin 
!! [WARNING]  "encoder" group not enabled.
Using file: dsserver_config4.yml
Civetweb version: v1.16
0:00:04.315638029 [32m1503235[00m 0x55b693c96d50 [36mINFO   [00m [00m             nvinfer gstnvinfer.cpp:682:gst_nvinfer_logger:<primary-nvinference-engine>[00m NvDsInferContext[UID 1]: Info from NvDsInferContextImpl::deserializeEngineAndBackend() <nvdsinfer_context_impl.cpp:2095> [UID = 1]: deserialized trt engine from :/workspace/samples/models/Primary_Detector/resnet18_trafficcamnet.etlt_b20_gpu0_int8.engine
0:00:04.424145076 [32m1503235[00m 0x55b693c96d50 [36mINFO   [00m [00m             nvinfer gstnvinfer.cpp:682:gst_nvinfer_logger:<primary-nvinference-engine>[00m NvDsInferContext[UID 1]: Info from NvDsInferContextImpl::generateBackendContext() <nvdsinfer_context_impl.cpp:2198> [UID = 1]: Use deserialized engine model: /workspace/samples/models/Primary_Detector/resnet18_trafficcamnet.etlt_b20_gpu0_int8.engine
0:00:04.429759019 [32m1503235[00m 0x55b693c96d50 [36mINFO   [00m [00m             nvinfer gstnvinfer_impl.cpp:343:notifyLoadModelStatus:<primary-nvinference-engine>[00m [UID 1]: Load new model:/workspace/sources/apps/sample_apps/deepstream-server/dsserver_pgie_config.yml sucessfully
Server running at port: 9004
INFO: ../nvdsinfer/nvdsinfer_model_builder.cpp:612 [Implicit Engine Info]: layers num: 3
0   INPUT  kFLOAT input_1         3x544x960       
1   OUTPUT kFLOAT output_bbox/BiasAdd 16x34x60        
2   OUTPUT kFLOAT output_cov/Sigmoid 4x34x60         

Running!!!
WARNING from element src: Could not read from resource.
Warning: Could not read from resource.
WARNING from element src: Could not read from resource.
Warning: Could not read from resource.
WARNING from element src: Could not read from resource.
Warning: Could not read from resource.
WARNING from element src: Could not read from resource.
Warning: Could not read from resource.
WARNING from element src: Could not read from resource.
Warning: Could not read from resource.
WARNING from element src: Could not read from resource.
Warning: Could not read from resource.
WARNING from element src: Could not read from resource.
Warning: Could not read from resource.
WARNING from element src: Could not read from resource.
Warning: Could not read from resource.
WARNING from element src: Could not read from resource.
Warning: Could not read from resource.
WARNING from element src: Could not read from resource.
Warning: Could not read from resource.
WARNING from element src: Could not read from resource.
Warning: Could not read from resource.
WARNING from element src: Could not read from resource.
Warning: Could not read from resource.
WARNING from element src: Could not read from resource.
Warning: Could not read from resource.
WARNING from element src: Could not read from resource.
Warning: Could not read from resource.
WARNING from element src: Could not read from resource.
Warning: Could not read from resource.
WARNING from element src: Could not read from resource.
Warning: Could not read from resource.
WARNING from element src: Could not read from resource.
Warning: Could not read from resource.
WARNING from element src: Could not read from resource.
Warning: Could not read from resource.
WARNING from element src: Could not read from resource.
Warning: Could not read from resource.
WARNING from element src: Could not read from resource.
Warning: Could not read from resource.
nvstreammux: Successfully handled EOS for source_id=3
nvstreammux: Successfully handled EOS for source_id=17
nvstreammux: Successfully handled EOS for source_id=8
nvstreammux: Successfully handled EOS for source_id=15
nvstreammux: Successfully handled EOS for source_id=10
nvstreammux: Successfully handled EOS for source_id=12
nvstreammux: Successfully handled EOS for source_id=18
nvstreammux: Successfully handled EOS for source_id=19
nvstreammux: Successfully handled EOS for source_id=7
nvstreammux: Successfully handled EOS for source_id=6
nvstreammux: Successfully handled EOS for source_id=4
nvstreammux: Successfully handled EOS for source_id=0
Got EOS from stream 8
nvstreammux: Successfully handled EOS for source_id=9
nvstreammux: Successfully handled EOS for source_id=5
Got EOS from stream 10
Got EOS from stream 15
nvstreammux: Successfully handled EOS for source_id=1
nvstreammux: Successfully handled EOS for source_id=2
nvstreammux: Successfully handled EOS for source_id=13
Got EOS from stream 0
Got EOS from stream 4
Got EOS from stream 6
Got EOS from stream 18
Got EOS from stream 19
Got EOS from stream 12
Got EOS from stream 7
nvstreammux: Successfully handled EOS for source_id=16
Got EOS from stream 9
Got EOS from stream 5
Got EOS from stream 1
Got EOS from stream 2
Got EOS from stream 13
nvstreammux: Successfully handled EOS for source_id=11
nvstreammux: Successfully handled EOS for source_id=14
Got EOS from stream 16
Got EOS from stream 11
Got EOS from stream 14
nvmultiurisrcbin ERROR from element src: Could not read from resource.
nvmultiurisrcbin ERROR from element src: Internal data stream error.
ERROR from element src: Could not read from resource.
Error details: ../gst/rtsp/gstrtspsrc.c(5750): gst_rtspsrc_loop_interleaved (): /GstPipeline:dsserver-pipeline/GstDsNvMultiUriBin:multiuribin/GstBin:multiuribin_creator/GstDsNvUriSrcBin:dsnvurisrcbin11/GstRTSPSrc:src:
Could not receive message. (System error)
Returned, stopping playback
nvmultiurisrcbin ERROR from element src: Could not write to resource.
nvmultiurisrcbin ERROR from element src: Could not write to resource.
Stopping the server..!! 
Stopped the server..!! 
Deleting pipeline
