nohup: ignoring input
Calling gst_element_factory_make for nvmultiurisrcbin 
!! [WARNING]  "encoder" group not enabled.
Using file: dsserver_config3.yml
Civetweb version: v1.16
0:00:03.902301583 [34m1610541[00m 0x5570f9c1d940 [36mINFO   [00m [00m             nvinfer gstnvinfer.cpp:682:gst_nvinfer_logger:<primary-nvinference-engine>[00m NvDsInferContext[UID 1]: Info from NvDsInferContextImpl::deserializeEngineAndBackend() <nvdsinfer_context_impl.cpp:2095> [UID = 1]: deserialized trt engine from :/workspace/samples/models/Primary_Detector/resnet18_trafficcamnet.etlt_b20_gpu0_int8.engine
0:00:04.006592608 [34m1610541[00m 0x5570f9c1d940 [36mINFO   [00m [00m             nvinfer gstnvinfer.cpp:682:gst_nvinfer_logger:<primary-nvinference-engine>[00m NvDsInferContext[UID 1]: Info from NvDsInferContextImpl::generateBackendContext() <nvdsinfer_context_impl.cpp:2198> [UID = 1]: Use deserialized engine model: /workspace/samples/models/Primary_Detector/resnet18_trafficcamnet.etlt_b20_gpu0_int8.engine
0:00:04.011333990 [34m1610541[00m 0x5570f9c1d940 [36mINFO   [00m [00m             nvinfer gstnvinfer_impl.cpp:343:notifyLoadModelStatus:<primary-nvinference-engine>[00m [UID 1]: Load new model:/workspace/sources/apps/sample_apps/deepstream-server/dsserver_pgie_config.yml sucessfully
Server running at port: 9003
INFO: ../nvdsinfer/nvdsinfer_model_builder.cpp:612 [Implicit Engine Info]: layers num: 3
0   INPUT  kFLOAT input_1         3x544x960       
1   OUTPUT kFLOAT output_bbox/BiasAdd 16x34x60        
2   OUTPUT kFLOAT output_cov/Sigmoid 4x34x60         

Running!!!
WARNING from element src: Could not read from resource.
Warning: Could not read from resource.
WARNING from element src: Could not read from resource.
Warning: Could not read from resource.
WARNING from element src: Could not read from resource.
Warning: Could not read from resource.
WARNING from element src: Could not read from resource.
Warning: Could not read from resource.
WARNING from element src: Could not read from resource.
Warning: Could not read from resource.
WARNING from element src: Could not read from resource.
Warning: Could not read from resource.
WARNING from element src: Could not read from resource.
Warning: Could not read from resource.
WARNING from element src: Could not read from resource.
Warning: Could not read from resource.
WARNING from element src: Could not read from resource.
Warning: Could not read from resource.
WARNING from element src: Could not read from resource.
Warning: Could not read from resource.
WARNING from element src: Could not read from resource.
Warning: Could not read from resource.
WARNING from element src: Could not read from resource.
Warning: Could not read from resource.
WARNING from element src: Could not read from resource.
Warning: Could not read from resource.
WARNING from element src: Could not read from resource.
Warning: Could not read from resource.
WARNING from element src: Could not read from resource.
Warning: Could not read from resource.
WARNING from element src: Could not read from resource.
Warning: Could not read from resource.
WARNING from element src: Could not read from resource.
Warning: Could not read from resource.
WARNING from element src: Could not read from resource.
Warning: Could not read from resource.
WARNING from element src: Could not read from resource.
Warning: Could not read from resource.
WARNING from element src: Could not read from resource.
Warning: Could not read from resource.
Warning: Color primaries 5 not present and will be treated BT.601
Warning: Color primaries 5 not present and will be treated BT.601
Warning: Color primaries 5 not present and will be treated BT.601
Warning: Color primaries 5 not present and will be treated BT.601
Warning: Color primaries 5 not present and will be treated BT.601
Warning: Color primaries 5 not present and will be treated BT.601
Warning: Color primaries 5 not present and will be treated BT.601
Warning: Color primaries 5 not present and will be treated BT.601

**PERF : FPS_0 (9.55)	FPS_1 (9.55)	FPS_2 (9.55)	FPS_3 (9.55)	FPS_4 (9.55)	FPS_5 (9.55)	FPS_6 (9.55)	FPS_7 (9.55)	FPS_8 (9.55)	FPS_9 (9.55)	FPS_10 (9.55)	FPS_11 (9.55)	FPS_12 (9.55)	FPS_13 (9.55)	FPS_14 (9.55)	FPS_15 (9.42)	FPS_16 (9.55)	FPS_17 (9.55)	FPS_18 (9.55)	FPS_19 (9.55)	
